Flow report for lab4
Mon May 23 20:33:19 2016
Quartus Prime Version 15.1.0 Build 185 10/21/2015 SJ Lite Edition


---------------------
; Table of Contents ;
---------------------
  1. Legal Notice
  2. Flow Summary
  3. Flow Settings
  4. Flow Non-Default Global Settings
  5. Flow Elapsed Time
  6. Flow OS Summary
  7. Flow Log
  8. Flow Messages
  9. Flow Suppressed Messages



----------------
; Legal Notice ;
----------------
Copyright (C) 1991-2015 Altera Corporation. All rights reserved.
Your use of Altera Corporation's design tools, logic functions 
and other software and tools, and its AMPP partner logic 
functions, and any output files from any of the foregoing 
(including device programming or simulation files), and any 
associated documentation or information are expressly subject 
to the terms and conditions of the Altera Program License 
Subscription Agreement, the Altera Quartus Prime License Agreement,
the Altera MegaCore Function License Agreement, or other 
applicable license agreement, including, without limitation, 
that your use is for the sole purpose of programming logic 
devices manufactured by Altera and sold by Altera or its 
authorized distributors.  Please refer to the applicable 
agreement for further details.



+-------------------------------------------------------------------------------+
; Flow Summary                                                                  ;
+---------------------------------+---------------------------------------------+
; Flow Status                     ; Successful - Mon May 23 20:33:19 2016       ;
; Quartus Prime Version           ; 15.1.0 Build 185 10/21/2015 SJ Lite Edition ;
; Revision Name                   ; lab4                                        ;
; Top-level Entity Name           ; lab4                                        ;
; Family                          ; Cyclone V                                   ;
; Device                          ; 5CSEMA5F31C6                                ;
; Timing Models                   ; Final                                       ;
; Logic utilization (in ALMs)     ; 3,355 / 32,070 ( 10 % )                     ;
; Total registers                 ; 5560                                        ;
; Total pins                      ; 227 / 457 ( 50 % )                          ;
; Total virtual pins              ; 0                                           ;
; Total block memory bits         ; 60,638 / 4,065,280 ( 1 % )                  ;
; Total DSP Blocks                ; 4 / 87 ( 5 % )                              ;
; Total HSSI RX PCSs              ; 0                                           ;
; Total HSSI PMA RX Deserializers ; 0                                           ;
; Total HSSI TX PCSs              ; 0                                           ;
; Total HSSI PMA TX Serializers   ; 0                                           ;
; Total PLLs                      ; 3 / 6 ( 50 % )                              ;
; Total DLLs                      ; 1 / 4 ( 25 % )                              ;
+---------------------------------+---------------------------------------------+


+-----------------------------------------+
; Flow Settings                           ;
+-------------------+---------------------+
; Option            ; Setting             ;
+-------------------+---------------------+
; Start date & time ; 05/23/2016 20:22:17 ;
; Main task         ; Compilation         ;
; Revision Name     ; lab4                ;
+-------------------+---------------------+


+--------------------------------------------------------------------------------------------------------------------------------------------------------------------------------+
; Flow Non-Default Global Settings                                                                                                                                               ;
+---------------------------------------+------------------------------------------------------------------------+---------------+------------------------------+----------------+
; Assignment Name                       ; Value                                                                  ; Default Value ; Entity Name                  ; Section Id     ;
+---------------------------------------+------------------------------------------------------------------------+---------------+------------------------------+----------------+
; COMPILER_SIGNATURE_ID                 ; 143925696393548.146406012815404                                        ; --            ; --                           ; --             ;
; ECO_REGENERATE_REPORT                 ; On                                                                     ; Off           ; --                           ; --             ;
; EDA_OUTPUT_DATA_FORMAT                ; Verilog Hdl                                                            ; --            ; --                           ; eda_simulation ;
; EDA_SIMULATION_TOOL                   ; ModelSim-Altera (Verilog)                                              ; <None>        ; --                           ; --             ;
; HPS_ISW_FILE                          ; mysystem/synthesis/submodules/sequencer/alt_types.pre.h                ; --            ; mysystem_hps_0_hps_io_border ; --             ;
; HPS_ISW_FILE                          ; mysystem/synthesis/submodules/sequencer/emif.pre.xml                   ; --            ; mysystem_hps_0_hps_io_border ; --             ;
; HPS_ISW_FILE                          ; mysystem/synthesis/submodules/sequencer/sdram_io.pre.h                 ; --            ; mysystem_hps_0_hps_io_border ; --             ;
; HPS_ISW_FILE                          ; mysystem/synthesis/submodules/sequencer/sequencer.pre.c                ; --            ; mysystem_hps_0_hps_io_border ; --             ;
; HPS_ISW_FILE                          ; mysystem/synthesis/submodules/sequencer/sequencer.pre.h                ; --            ; mysystem_hps_0_hps_io_border ; --             ;
; HPS_ISW_FILE                          ; mysystem/synthesis/submodules/sequencer/sequencer_auto.pre.h           ; --            ; mysystem_hps_0_hps_io_border ; --             ;
; HPS_ISW_FILE                          ; mysystem/synthesis/submodules/sequencer/sequencer_auto_ac_init.pre.c   ; --            ; mysystem_hps_0_hps_io_border ; --             ;
; HPS_ISW_FILE                          ; mysystem/synthesis/submodules/sequencer/sequencer_auto_inst_init.pre.c ; --            ; mysystem_hps_0_hps_io_border ; --             ;
; HPS_ISW_FILE                          ; mysystem/synthesis/submodules/sequencer/sequencer_defines.pre.h        ; --            ; mysystem_hps_0_hps_io_border ; --             ;
; HPS_ISW_FILE                          ; mysystem/synthesis/submodules/sequencer/system.pre.h                   ; --            ; mysystem_hps_0_hps_io_border ; --             ;
; HPS_ISW_FILE                          ; mysystem/synthesis/submodules/sequencer/tclrpt.pre.c                   ; --            ; mysystem_hps_0_hps_io_border ; --             ;
; HPS_ISW_FILE                          ; mysystem/synthesis/submodules/sequencer/tclrpt.pre.h                   ; --            ; mysystem_hps_0_hps_io_border ; --             ;
; HPS_ISW_FILE                          ; mysystem/synthesis/submodules/hps.pre.xml                              ; --            ; mysystem_hps_0_hps_io_border ; --             ;
; HPS_PARTITION                         ; On                                                                     ; --            ; mysystem_hps_0_hps_io_border ; --             ;
; MAX_CORE_JUNCTION_TEMP                ; 85                                                                     ; --            ; --                           ; --             ;
; MIN_CORE_JUNCTION_TEMP                ; 0                                                                      ; --            ; --                           ; --             ;
; MISC_FILE                             ; mysystem/synthesis/../mysystem.cmp                                     ; --            ; --                           ; --             ;
; MISC_FILE                             ; mysystem/synthesis/../../C                                             ; --            ; --                           ; --             ;
; MISC_FILE                             ; mysystem/synthesis/mysystem_hps_0_hps.svd                              ; --            ; --                           ; --             ;
; MISC_FILE                             ; mysystem/synthesis/../../mysystem.qsys                                 ; --            ; --                           ; --             ;
; MISC_FILE                             ; mysystem/synthesis/submodules/sequencer/alt_types.pre.h                ; --            ; --                           ; --             ;
; MISC_FILE                             ; mysystem/synthesis/submodules/sequencer/emif.pre.xml                   ; --            ; --                           ; --             ;
; MISC_FILE                             ; mysystem/synthesis/submodules/sequencer/sdram_io.pre.h                 ; --            ; --                           ; --             ;
; MISC_FILE                             ; mysystem/synthesis/submodules/sequencer/sequencer.pre.c                ; --            ; --                           ; --             ;
; MISC_FILE                             ; mysystem/synthesis/submodules/sequencer/sequencer.pre.h                ; --            ; --                           ; --             ;
; MISC_FILE                             ; mysystem/synthesis/submodules/sequencer/sequencer_auto.pre.h           ; --            ; --                           ; --             ;
; MISC_FILE                             ; mysystem/synthesis/submodules/sequencer/sequencer_auto_ac_init.pre.c   ; --            ; --                           ; --             ;
; MISC_FILE                             ; mysystem/synthesis/submodules/sequencer/sequencer_auto_inst_init.pre.c ; --            ; --                           ; --             ;
; MISC_FILE                             ; mysystem/synthesis/submodules/sequencer/sequencer_defines.pre.h        ; --            ; --                           ; --             ;
; MISC_FILE                             ; mysystem/synthesis/submodules/sequencer/system.pre.h                   ; --            ; --                           ; --             ;
; MISC_FILE                             ; mysystem/synthesis/submodules/sequencer/tclrpt.pre.c                   ; --            ; --                           ; --             ;
; MISC_FILE                             ; mysystem/synthesis/submodules/sequencer/tclrpt.pre.h                   ; --            ; --                           ; --             ;
; MISC_FILE                             ; mysystem/synthesis/submodules/hps.pre.xml                              ; --            ; --                           ; --             ;
; PARTITION_COLOR                       ; 16764057                                                               ; --            ; --                           ; Top            ;
; PARTITION_FITTER_PRESERVATION_LEVEL   ; PLACEMENT_AND_ROUTING                                                  ; --            ; --                           ; Top            ;
; PARTITION_NETLIST_TYPE                ; SOURCE                                                                 ; --            ; --                           ; Top            ;
; POWER_BOARD_THERMAL_MODEL             ; None (CONSERVATIVE)                                                    ; --            ; --                           ; --             ;
; POWER_PRESET_COOLING_SOLUTION         ; 23 MM HEAT SINK WITH 200 LFPM AIRFLOW                                  ; --            ; --                           ; --             ;
; PROJECT_OUTPUT_DIRECTORY              ; output_files                                                           ; --            ; --                           ; --             ;
; SLD_FILE                              ; mysystem/synthesis/mysystem.regmap                                     ; --            ; --                           ; --             ;
; SLD_FILE                              ; mysystem/synthesis/mysystem.debuginfo                                  ; --            ; --                           ; --             ;
; SLD_INFO                              ; QSYS_NAME mysystem HAS_SOPCINFO 1 GENERATION_ID 1464059522             ; --            ; mysystem                     ; --             ;
; SOPCINFO_FILE                         ; mysystem/synthesis/../../mysystem.sopcinfo                             ; --            ; --                           ; --             ;
; SYNTHESIS_ONLY_QIP                    ; On                                                                     ; --            ; --                           ; --             ;
; USE_DLL_FREQUENCY_FOR_DQS_DELAY_CHAIN ; On                                                                     ; Off           ; --                           ; --             ;
+---------------------------------------+------------------------------------------------------------------------+---------------+------------------------------+----------------+


+-------------------------------------------------------------------------------------------------------------------------------+
; Flow Elapsed Time                                                                                                             ;
+---------------------------+--------------+-------------------------+---------------------+------------------------------------+
; Module Name               ; Elapsed Time ; Average Processors Used ; Peak Virtual Memory ; Total CPU Time (on all processors) ;
+---------------------------+--------------+-------------------------+---------------------+------------------------------------+
; Analysis & Synthesis      ; 00:01:33     ; 1.0                     ; 1328 MB             ; 00:02:09                           ;
; Fitter                    ; 00:04:02     ; 1.0                     ; 3128 MB             ; 00:04:51                           ;
; Assembler                 ; 00:00:21     ; 1.0                     ; 983 MB              ; 00:00:21                           ;
; TimeQuest Timing Analyzer ; 00:01:05     ; 1.0                     ; 1862 MB             ; 00:01:05                           ;
; EDA Netlist Writer        ; 00:00:10     ; 1.0                     ; 1070 MB             ; 00:00:10                           ;
; Total                     ; 00:07:11     ; --                      ; --                  ; 00:08:36                           ;
+---------------------------+--------------+-------------------------+---------------------+------------------------------------+


+----------------------------------------------------------------------------------------+
; Flow OS Summary                                                                        ;
+---------------------------+------------------+-----------+------------+----------------+
; Module Name               ; Machine Hostname ; OS Name   ; OS Version ; Processor type ;
+---------------------------+------------------+-----------+------------+----------------+
; Analysis & Synthesis      ; quytran          ; Windows 8 ; 6.2        ; x86_64         ;
; Fitter                    ; quytran          ; Windows 8 ; 6.2        ; x86_64         ;
; Assembler                 ; quytran          ; Windows 8 ; 6.2        ; x86_64         ;
; TimeQuest Timing Analyzer ; quytran          ; Windows 8 ; 6.2        ; x86_64         ;
; EDA Netlist Writer        ; quytran          ; Windows 8 ; 6.2        ; x86_64         ;
+---------------------------+------------------+-----------+------------+----------------+


------------
; Flow Log ;
------------
quartus_map --read_settings_files=on --write_settings_files=off lab4 -c lab4
quartus_fit --read_settings_files=off --write_settings_files=off lab4 -c lab4
quartus_asm --read_settings_files=off --write_settings_files=off lab4 -c lab4
quartus_sta lab4 -c lab4
quartus_eda --read_settings_files=off --write_settings_files=off lab4 -c lab4



